<?xml version="1.0" encoding="UTF-8"?>
<!-- Generated by org.testng.reporters.JUnitXMLReporter -->
<testsuite ignored="2" hostname="HP" failures="0" tests="1" name="Parameter Test one" time="0.246" errors="0" timestamp="2020-03-08T22:20:22 IST">
  <testcase classname="mypackage.TestNGParameters1" name="prameterTestOne" time="0.076"/>
  <testcase classname="mypackage.TestNGParameters1" name="prameterTestTwo" time="0.0">
    <ignored/>
  </testcase> <!-- prameterTestTwo -->
  <testcase classname="mypackage.TestNGParameters1" name="prameterTestThree" time="0.0">
    <ignored/>
  </testcase> <!-- prameterTestThree -->
</testsuite> <!-- Parameter Test one -->
