<?xml version="1.0" encoding="UTF-8"?>
<testng-results skipped="0" failed="0" ignored="0" total="1" passed="1">
  <reporter-output>
  </reporter-output>
  <suite name="Default suite" duration-ms="193" started-at="2020-05-03T16:59:26 IST" finished-at="2020-05-03T16:59:27 IST">
    <groups>
    </groups>
    <test name="Default test" duration-ms="193" started-at="2020-05-03T16:59:26 IST" finished-at="2020-05-03T16:59:27 IST">
      <class name="package1.NewTest">
        <test-method status="PASS" signature="f()[pri:0, instance:package1.NewTest@2b552920]" name="f" duration-ms="35" started-at="2020-05-03T16:59:27 IST" finished-at="2020-05-03T16:59:27 IST">
          <reporter-output>
          </reporter-output>
        </test-method> <!-- f -->
      </class> <!-- package1.NewTest -->
    </test> <!-- Default test -->
  </suite> <!-- Default suite -->
</testng-results>
