<?xml version="1.0" encoding="UTF-8"?>
<!-- Generated by org.testng.reporters.JUnitXMLReporter -->
<testsuite ignored="1" hostname="HP" failures="0" tests="2" name="GRP-test-group" time="0.214" errors="0" timestamp="2020-03-05T20:08:05 IST">
  <testcase classname="mypackage.TestNGGrouping" name="testMethodOne" time="0.049"/>
  <testcase classname="mypackage.TestNGGrouping" name="testMethodThree" time="0.007"/>
  <testcase classname="mypackage.TestNGGrouping" name="testMethodTwo" time="0.0">
    <ignored/>
  </testcase> <!-- testMethodTwo -->
</testsuite> <!-- GRP-test-group -->
