<?xml version="1.0" encoding="UTF-8"?>
<!-- Generated by org.testng.reporters.JUnitXMLReporter -->
<testsuite ignored="2" hostname="HP" failures="0" tests="1" name="Car Loan" time="0.019" errors="0" timestamp="2020-03-05T22:32:14 IST">
  <testcase classname="loanpackage.Car_Loan" name="APILoginCarLoan" time="0.007"/>
  <testcase classname="loanpackage.Car_Loan" name="MobileLoginCarLoan" time="0.0">
    <ignored/>
  </testcase> <!-- MobileLoginCarLoan -->
  <testcase classname="loanpackage.Car_Loan" name="WebLoginCarLoan" time="0.0">
    <ignored/>
  </testcase> <!-- WebLoginCarLoan -->
</testsuite> <!-- Car Loan -->
