<?xml version="1.0" encoding="UTF-8"?>
<!-- Generated by org.testng.reporters.JUnitXMLReporter -->
<testsuite ignored="1" hostname="HP" failures="0" tests="2" name="Group Test" time="0.337" errors="0" timestamp="2020-03-05T07:23:33 IST">
  <testcase classname="mypackage.TestNGGrouping2" name="testMethodOne" time="0.064"/>
  <testcase classname="mypackage.TestNGGrouping2" name="testMethodThree" time="0.008"/>
  <testcase classname="mypackage.TestNGGrouping2" name="testMethodTwo" time="0.0">
    <ignored/>
  </testcase> <!-- testMethodTwo -->
</testsuite> <!-- Group Test -->
