<?xml version="1.0" encoding="UTF-8"?>
<!-- Generated by org.testng.reporters.JUnitXMLReporter -->
<testsuite ignored="2" hostname="HP" failures="0" tests="1" name="Home Loan" time="0.023" errors="0" timestamp="2020-03-05T22:32:14 IST">
  <testcase classname="loanpackage.Home_Loan" name="MobileLoginHomeLoan" time="0.009"/>
  <testcase classname="loanpackage.Home_Loan" name="WebLoginHomeLoan" time="0.0">
    <ignored/>
  </testcase> <!-- WebLoginHomeLoan -->
  <testcase classname="loanpackage.Home_Loan" name="APILoginHomeLoan" time="0.0">
    <ignored/>
  </testcase> <!-- APILoginHomeLoan -->
</testsuite> <!-- Home Loan -->
