<?xml version="1.0" encoding="UTF-8"?>
<!-- Generated by org.testng.reporters.JUnitXMLReporter -->
<testsuite ignored="2" hostname="HP" failures="0" tests="1" name="Parameter Test one" time="0.247" errors="0" timestamp="2020-03-08T22:17:10 IST">
  <testcase classname="mypackage.TestNGParameters1" name="prameterTestOne" time="0.067"/>
  <testcase classname="mypackage.TestNGParameters1" name="prameterTestTwo" time="0.0">
    <ignored/>
  </testcase> <!-- prameterTestTwo -->
  <testcase classname="mypackage.TestNGParameters1" name="prameterTestThree" time="0.0">
    <ignored/>
  </testcase> <!-- prameterTestThree -->
</testsuite> <!-- Parameter Test one -->
