<?xml version="1.0" encoding="UTF-8"?>
<!-- Generated by org.testng.reporters.JUnitXMLReporter -->
<testsuite ignored="2" hostname="HP" failures="0" tests="1" name="Personal Loan" time="0.27" errors="0" timestamp="2020-03-05T22:32:14 IST">
  <testcase classname="loanpackage.Personal_Loan" name="WebLoginPersonalLoan" time="0.052"/>
  <testcase classname="loanpackage.Personal_Loan" name="APILoginPersonalLoan" time="0.0">
    <ignored/>
  </testcase> <!-- APILoginPersonalLoan -->
  <testcase classname="loanpackage.Personal_Loan" name="MobileLoginPersonalLoan" time="0.0">
    <ignored/>
  </testcase> <!-- MobileLoginPersonalLoan -->
</testsuite> <!-- Personal Loan -->
