<?xml version="1.0" encoding="UTF-8"?>
<!-- Generated by org.testng.reporters.JUnitXMLReporter -->
<testsuite ignored="1" hostname="HP" failures="0" tests="2" name="Test1" time="0.018" errors="0" timestamp="2020-03-06T02:15:35 IST">
  <testcase classname="mypackage.TestNGMultipleGroups" name="method2" time="0.004"/>
  <testcase classname="mypackage.TestNGMultipleGroups" name="method3" time="0.003"/>
  <testcase classname="mypackage.TestNGMultipleGroups" name="method1" time="0.0">
    <ignored/>
  </testcase> <!-- method1 -->
</testsuite> <!-- Test1 -->
