<?xml version="1.0" encoding="UTF-8"?>
<!-- Generated by org.testng.reporters.JUnitXMLReporter -->
<testsuite ignored="1" hostname="HP" failures="0" tests="2" name="Group Test" time="0.184" errors="0" timestamp="2020-03-05T20:10:23 IST">
  <testcase classname="mypackage.TestNGGrouping" name="testMethodOne" time="0.036"/>
  <testcase classname="mypackage.TestNGGrouping" name="testMethodThree" time="0.005"/>
  <testcase classname="mypackage.TestNGGrouping" name="testMethodTwo" time="0.0">
    <ignored/>
  </testcase> <!-- testMethodTwo -->
</testsuite> <!-- Group Test -->
